Arguments: 
  /Users/leandro/.nvm/versions/node/v12.3.1/bin/node /Users/leandro/.nvm/versions/node/v12.3.1/bin/yarn init -Y

PATH: 
  /Users/leandro/.rvm/gems/ruby-2.4.2/bin:/Users/leandro/.rvm/gems/ruby-2.4.2@global/bin:/Users/leandro/.rvm/rubies/ruby-2.4.2/bin:/Users/leandro/.nvm/versions/node/v12.3.1/bin:/usr/bin:/bin:/usr/sbin:/sbin:/usr/local/bin:/Users/leandro/.rvm/bin

Yarn version: 
  1.16.0

Node version: 
  12.3.1

Platform: 
  darwin x64

Trace: 
  Error: canceled
      at Interface.<anonymous> (/Users/leandro/.nvm/versions/node/v12.3.1/lib/node_modules/yarn/lib/cli.js:125850:13)
      at Interface.emit (events.js:200:13)
      at Interface._ttyWrite (readline.js:877:16)
      at ReadStream.onkeypress (readline.js:189:10)
      at ReadStream.emit (events.js:200:13)
      at emitKeys (internal/readline.js:424:14)
      at emitKeys.next (<anonymous>)
      at ReadStream.onData (readline.js:1145:36)
      at ReadStream.emit (events.js:200:13)
      at addChunk (_stream_readable.js:290:12)

npm manifest: 
  No manifest

yarn manifest: 
  No manifest

Lockfile: 
  No lockfile
